This is e-pTeX, Version 3.14159265-p3.8.1-180226-2.6 (utf8.euc) (TeX Live 2018) (preloaded format=platex 2019.3.4)  27 SEP 2020 02:13
entering extended mode
 restricted \write18 enabled.
 file:line:error style messages enabled.
 %&-line parsing enabled.
**4_result.tex
(./4_result.tex
pLaTeX2e <2018-12-01> (based on LaTeX2e <2018-12-01>)
./4_result.tex:1: Undefined control sequence.
l.1 \chapter
            {実験結果}
? 
./4_result.tex:1: Emergency stop.
l.1 \chapter
            {実験結果}
End of file on the terminal!

 
Here is how much of TeX's memory you used:
 4 strings out of 493226
 46 string characters out of 6144096
 61738 words of memory out of 5000000
 4087 multiletter control sequences out of 15000+600000
 7511 words of font info for 31 fonts, out of 8000000 for 9000
 929 hyphenation exceptions out of 8191
 5i,0n,3p,33b,8s stack positions out of 5000i,500n,10000p,200000b,80000s
No pages of output.
