This is e-pTeX, Version 3.14159265-p3.8.1-180226-2.6 (utf8.euc) (TeX Live 2018) (preloaded format=platex 2019.3.4)  30 OCT 2020 17:04
entering extended mode
 restricted \write18 enabled.
 file:line:error style messages enabled.
 %&-line parsing enabled.
**thesis_moeko.tex
(./thesis_moeko.tex
pLaTeX2e <2018-12-01> (based on LaTeX2e <2018-12-01>)
(/usr/local/texlive/2016/texmf-dist/tex/platex/base/jreport.cls
Document Class: jreport 2018/10/25 v1.8a Standard pLaTeX class
\c@@paper=\count83
(/usr/local/texlive/2016/texmf-dist/tex/platex/base/jsize11.clo
File: jsize11.clo 2018/10/25 v1.8a Standard pLaTeX file (size option)
)
\c@part=\count84
\c@chapter=\count85
\c@section=\count86
\c@subsection=\count87
\c@subsubsection=\count88
\c@paragraph=\count89
\c@subparagraph=\count90
\c@figure=\count91
\c@table=\count92
\abovecaptionskip=\skip41
\belowcaptionskip=\skip42
\symmincho=\mathgroup4
LaTeX Font Info:    Overwriting symbol font `mincho' in version `bold'
(Font)                  JY1/mc/m/n --> JY1/gt/m/n on input line 703.
\toclineskip=\dimen118
\@lnumwidth=\dimen119
\bibindent=\dimen120
\heisei=\count93
)
(./thesisj.sty) (./lingmacros.sty
\c@enums=\count94
\widelabel=\dimen121
\c@tempcnt=\count95
\c@enumsi=\count96
\eeindent=\dimen122
) (./theapa.sty
APA Citation (& Optional APA Heading) Style - Version 2.5.1 (5/92)
\bibleftmargin=\skip43
\b@level@one@skip=\skip44
\e@level@one@skip=\skip45
\b@level@two@skip=\skip46
\e@level@two@skip=\skip47
\b@level@three@skip=\skip48
\e@level@three@skip=\skip49
\b@level@four@skip=\skip50
\e@level@four@skip=\skip51
\b@level@five@skip=\skip52
\e@level@five@skip=\skip53
\c@APAenum=\count97
\@text@par@indent=\skip54
\UL@hyphenbox=\box43
\UL@box=\box44
\UL@spfactor=\count98
\UL@penalty=\count99
\UL@skip=\skip55
\UL@lht=\dimen123
\UL@ldp=\dimen124
\UL@pixel=\dimen125
) (./thesis_moeko.aux)
\openout1 = `thesis_moeko.aux'.

LaTeX Font Info:    Checking defaults for OML/cmm/m/it on input line 26.
LaTeX Font Info:    ... okay on input line 26.
LaTeX Font Info:    Checking defaults for T1/cmr/m/n on input line 26.
LaTeX Font Info:    ... okay on input line 26.
LaTeX Font Info:    Checking defaults for OT1/cmr/m/n on input line 26.
LaTeX Font Info:    ... okay on input line 26.
LaTeX Font Info:    Checking defaults for OMS/cmsy/m/n on input line 26.
LaTeX Font Info:    ... okay on input line 26.
LaTeX Font Info:    Checking defaults for OMX/cmex/m/n on input line 26.
LaTeX Font Info:    ... okay on input line 26.
LaTeX Font Info:    Checking defaults for U/cmr/m/n on input line 26.
LaTeX Font Info:    ... okay on input line 26.
LaTeX Font Info:    Checking defaults for JY1/mc/m/n on input line 26.
LaTeX Font Info:    ... okay on input line 26.
LaTeX Font Info:    Checking defaults for JT1/mc/m/n on input line 26.
LaTeX Font Info:    ... okay on input line 26.
 [1

]
LaTeX Font Info:    Try loading font information for OMS+cmr on input line 28.

(/usr/local/texlive/2016/texmf-dist/tex/latex/base/omscmr.fd
File: omscmr.fd 2014/09/29 v2.5h Standard LaTeX font definitions
)
LaTeX Font Info:    Font shape `OMS/cmr/m/n' in size <12> not available
(Font)              Font shape `OMS/cmsy/m/n' tried instead on input line 28.
 [2]
LaTeX Font Info:    External font `cmex10' loaded for size
(Font)              <12> on input line 28.
LaTeX Font Info:    External font `cmex10' loaded for size
(Font)              <8> on input line 28.
LaTeX Font Info:    External font `cmex10' loaded for size
(Font)              <6> on input line 28.
 [3]
LaTeX Font Info:    Font shape `JT1/mc/bx/n' in size <17.28> not available
(Font)              Font shape `JT1/gt/m/n' tried instead on input line 30.
LaTeX Font Info:    Font shape `JY1/mc/bx/n' in size <17.28> not available
(Font)              Font shape `JY1/gt/m/n' tried instead on input line 30.

(./0_acknowledgments.tex) [4

] (./thesis_moeko.toc
LaTeX Font Info:    Font shape `JT1/mc/bx/n' in size <10.95> not available
(Font)              Font shape `JT1/gt/m/n' tried instead on input line 1.
LaTeX Font Info:    Font shape `JY1/mc/bx/n' in size <10.95> not available
(Font)              Font shape `JY1/gt/m/n' tried instead on input line 1.
LaTeX Font Info:    External font `cmex10' loaded for size
(Font)              <10.95> on input line 3.
)
\tf@toc=\write3
\openout3 = `thesis_moeko.toc'.

 [5

] (./1_abstruct.tex)
[1

] (./1_introduction.tex
第 1 章
LaTeX Font Info:    Font shape `JT1/mc/bx/n' in size <12> not available
(Font)              Font shape `JT1/gt/m/n' tried instead on input line 3.
LaTeX Font Info:    Font shape `JY1/mc/bx/n' in size <12> not available
(Font)              Font shape `JY1/gt/m/n' tried instead on input line 3.

Overfull \hbox (8.90271pt too wide) in paragraph at lines 5--19
[][]$[]$[] 
 []


Overfull \hbox (3.34108pt too wide) in paragraph at lines 5--19
[][]$[]$[] 
 []


Overfull \hbox (8.90271pt too wide) in paragraph at lines 5--19
[][]$[]$[] 
 []

[2


]

LaTeX Warning: Citation `PS' on page 3 undefined on input line 20.


LaTeX Warning: Citation `KU' on page 3 undefined on input line 20.


LaTeX Warning: Citation `BS' on page 3 undefined on input line 21.


LaTeX Warning: Citation `TWS' on page 3 undefined on input line 22.


LaTeX Warning: Citation `SA' on page 3 undefined on input line 22.


LaTeX Warning: Citation `YT' on page 3 undefined on input line 24.

[3]
LaTeX Font Info:    External font `cmex10' loaded for size
(Font)              <9> on input line 31.
LaTeX Font Info:    External font `cmex10' loaded for size
(Font)              <5> on input line 31.


LaTeX Warning: Citation `MM' on page 4 undefined on input line 33.

[4] [5]) [6] (./2_step1.tex
第 2 章
[7


] [8]) [9] (./3_step2.tex
第 3 章
) [10


] (./4_step3.tex
第 4 章
) [11


] (./5_discussion.tex
第 5 章
) [12


]
No file thesis_moeko.bbl.
(./thesis_moeko.aux) ) 
Here is how much of TeX's memory you used:
 645 strings out of 493226
 6884 string characters out of 6144096
 77497 words of memory out of 5000000
 4657 multiletter control sequences out of 15000+600000
 18060 words of font info for 70 fonts, out of 8000000 for 9000
 929 hyphenation exceptions out of 8191
 25i,8n,21p,1124b,212s stack positions out of 5000i,500n,10000p,200000b,80000s

Output written on thesis_moeko.dvi (17 pages, 39232 bytes).
